Arguments: 
  C:\Program Files\nodejs\node.exe C:\Program Files (x86)\Yarn\bin\yarn.js init

PATH: 
  C:\Python310\Scripts\;C:\Python310\;C:\Program Files\PostgreSQL\14\bin;C:\Python27\Scripts;C:\Program Files\Common Files\Oracle\Java\javapath;C:\Python39\Scripts\;C:\Python39\;C:\WINDOWS\system32;C:\WINDOWS;C:\WINDOWS\System32\Wbem;C:\WINDOWS\System32\WindowsPowerShell\v1.0\;C:\WINDOWS\System32\OpenSSH\;C:\ProgramData\chocolatey\bin;C:\Program Files\Java\jdk-15.0.1\bin;C:\maven\bin;C:\Program Files\Git\cmd;C:\Program Files (x86)\Kofax\Imgctls\bin;C:\Program Files\Apache Software Foundation\Tomcat 9.0\bin;C:\Program Files (x86)\Sybase\SQL Anywhere 8\win32;C:\Program Files (x86)\Sybase\Shared\win32;C:\Program Files (x86)\Sybase\Shared\Sybase Central 4.1;C:\Program Files (x86)\Sybase\PowerDynamo\win32;C:\Program Files (x86)\Sybase\Shared\PowerBuilder;C:\Program Files (x86)\Sybase\Shared\PowerBuilder\drivers;C:\Program Files\SQL Anywhere 17\bin64;C:\Program Files\SQL Anywhere 17\bin32;C:\Users\payod\AppData\Local\Android\Sdk\platform-tools;C:\Program Files\PuTTY\;C:\Program Files (x86)\Bitvise SSH Client;C:\php\7.1.3;C:\xampp\php;C:\ProgramData\ComposerSetup\bin;C:\hapi-fhir-5.5.2-cli;C:\Program Files (x86)\Yarn\bin\;C:\Program Files\Go\bin;C:\Program Files\nodejs\;C:\Program Files\Docker\Docker\resources\bin;C:\ProgramData\DockerDesktop\version-bin;C:\Program Files\PowerShell\7\;C:\Program Files\MySQL\MySQL Shell 8.0\bin\;C:\Users\payod\AppData\Local\Microsoft\WindowsApps;C:\Users\payod\AppData\Local\GitHubDesktop\bin;C:\flutter\bin;C:\Users\payod\AppData\Local\Programs\Microsoft VS Code\bin;C:\Program Files\JetBrains\IntelliJ IDEA Community Edition 2020.3.1\bin;C:\Program Files\MySQL\MySQL Server 8.0\bin;C:\Users\payod\AppData\Roaming\Composer\vendor\bin;C:\Users\payod\AppData\Local\Programs\mongosh\;C:\Program Files (x86)\GitHub CLI\;C:\Users\payod\AppData\Local\Yarn\bin;C:\Users\payod\go\bin;C:\Users\payod\AppData\Roaming\npm;C:\Program Files\heroku\bin

Yarn version: 
  1.22.15

Node version: 
  16.13.1

Platform: 
  win32 x64

Trace: 
  Error: canceled
      at Interface.<anonymous> (C:\Program Files (x86)\Yarn\lib\cli.js:137145:13)
      at Interface.emit (node:events:390:28)
      at Interface._ttyWrite (node:readline:1081:16)
      at ReadStream.onkeypress (node:readline:288:10)
      at ReadStream.emit (node:events:390:28)
      at emitKeys (node:internal/readline/utils:358:14)
      at emitKeys.next (<anonymous>)
      at ReadStream.onData (node:internal/readline/emitKeypressEvents:61:36)
      at ReadStream.emit (node:events:390:28)
      at addChunk (node:internal/streams/readable:315:12)

npm manifest: 
  No manifest

yarn manifest: 
  No manifest

Lockfile: 
  No lockfile
